<?xml version="1.0" encoding="UTF-8"?>
<!-- Generated by org.testng.reporters.JUnitReportReporter -->
<testsuite skipped="0" hostname="DESKTOP-7TKV28I" name="tests.LoginTest" tests="1" failures="0" timestamp="2022-05-16T11:58:54 IST" time="6.238" errors="0">
  <testcase name="login" time="6.238" classname="tests.LoginTest"/>
  <system-out/>
</testsuite> <!-- tests.LoginTest -->
